/usr/bin/ld: /tmp/cczZBfr9.o: in function `test1':
/home/chbmleao/Desktop/SO/dccthread/dccthread-assignment/tests/test5.c:9: undefined reference to `dccthread_name'
collect2: error: ld returned 1 exit status
/usr/bin/ld: /tmp/ccxy7YCN.o: in function `test2':
/home/chbmleao/Desktop/SO/dccthread/dccthread-assignment/tests/test6.c:9: undefined reference to `dccthread_name'
/usr/bin/ld: /tmp/ccxy7YCN.o: in function `test1':
/home/chbmleao/Desktop/SO/dccthread/dccthread-assignment/tests/test6.c:20: undefined reference to `dccthread_name'
collect2: error: ld returned 1 exit status
/usr/bin/ld: /tmp/cczaKjBY.o: in function `texit':
/home/chbmleao/Desktop/SO/dccthread/dccthread-assignment/tests/test7.c:8: undefined reference to `dccthread_name'
/usr/bin/ld: /home/chbmleao/Desktop/SO/dccthread/dccthread-assignment/tests/test7.c:9: undefined reference to `dccthread_exit'
/usr/bin/ld: /tmp/cczaKjBY.o: in function `test':
/home/chbmleao/Desktop/SO/dccthread/dccthread-assignment/tests/test7.c:19: undefined reference to `dccthread_name'
/usr/bin/ld: /home/chbmleao/Desktop/SO/dccthread/dccthread-assignment/tests/test7.c:21: undefined reference to `dccthread_name'
/usr/bin/ld: /home/chbmleao/Desktop/SO/dccthread/dccthread-assignment/tests/test7.c:23: undefined reference to `dccthread_name'
/usr/bin/ld: /home/chbmleao/Desktop/SO/dccthread/dccthread-assignment/tests/test7.c:24: undefined reference to `dccthread_wait'
/usr/bin/ld: /home/chbmleao/Desktop/SO/dccthread/dccthread-assignment/tests/test7.c:25: undefined reference to `dccthread_name'
/usr/bin/ld: /home/chbmleao/Desktop/SO/dccthread/dccthread-assignment/tests/test7.c:27: undefined reference to `dccthread_exit'
collect2: error: ld returned 1 exit status
/usr/bin/ld: /tmp/ccK1kQJJ.o: in function `texit':
/home/chbmleao/Desktop/SO/dccthread/dccthread-assignment/tests/test7.c:8: undefined reference to `dccthread_name'
/usr/bin/ld: /home/chbmleao/Desktop/SO/dccthread/dccthread-assignment/tests/test7.c:9: undefined reference to `dccthread_exit'
/usr/bin/ld: /tmp/ccK1kQJJ.o: in function `test':
/home/chbmleao/Desktop/SO/dccthread/dccthread-assignment/tests/test7.c:19: undefined reference to `dccthread_name'
/usr/bin/ld: /home/chbmleao/Desktop/SO/dccthread/dccthread-assignment/tests/test7.c:21: undefined reference to `dccthread_name'
/usr/bin/ld: /home/chbmleao/Desktop/SO/dccthread/dccthread-assignment/tests/test7.c:23: undefined reference to `dccthread_name'
/usr/bin/ld: /home/chbmleao/Desktop/SO/dccthread/dccthread-assignment/tests/test7.c:24: undefined reference to `dccthread_wait'
/usr/bin/ld: /home/chbmleao/Desktop/SO/dccthread/dccthread-assignment/tests/test7.c:25: undefined reference to `dccthread_name'
/usr/bin/ld: /home/chbmleao/Desktop/SO/dccthread/dccthread-assignment/tests/test7.c:27: undefined reference to `dccthread_exit'
collect2: error: ld returned 1 exit status
/usr/bin/ld: /tmp/cc1Dg9Pc.o: in function `tyield':
/home/chbmleao/Desktop/SO/dccthread/dccthread-assignment/tests/test8.c:8: undefined reference to `dccthread_name'
/usr/bin/ld: /home/chbmleao/Desktop/SO/dccthread/dccthread-assignment/tests/test8.c:10: undefined reference to `dccthread_name'
/usr/bin/ld: /home/chbmleao/Desktop/SO/dccthread/dccthread-assignment/tests/test8.c:11: undefined reference to `dccthread_exit'
/usr/bin/ld: /tmp/cc1Dg9Pc.o: in function `test':
/home/chbmleao/Desktop/SO/dccthread/dccthread-assignment/tests/test8.c:21: undefined reference to `dccthread_name'
/usr/bin/ld: /home/chbmleao/Desktop/SO/dccthread/dccthread-assignment/tests/test8.c:23: undefined reference to `dccthread_name'
/usr/bin/ld: /home/chbmleao/Desktop/SO/dccthread/dccthread-assignment/tests/test8.c:25: undefined reference to `dccthread_name'
/usr/bin/ld: /home/chbmleao/Desktop/SO/dccthread/dccthread-assignment/tests/test8.c:26: undefined reference to `dccthread_wait'
/usr/bin/ld: /home/chbmleao/Desktop/SO/dccthread/dccthread-assignment/tests/test8.c:27: undefined reference to `dccthread_name'
/usr/bin/ld: /home/chbmleao/Desktop/SO/dccthread/dccthread-assignment/tests/test8.c:29: undefined reference to `dccthread_exit'
collect2: error: ld returned 1 exit status
/usr/bin/ld: /tmp/ccz12jND.o: in function `tyield':
/home/chbmleao/Desktop/SO/dccthread/dccthread-assignment/tests/test8.c:8: undefined reference to `dccthread_name'
/usr/bin/ld: /home/chbmleao/Desktop/SO/dccthread/dccthread-assignment/tests/test8.c:10: undefined reference to `dccthread_name'
/usr/bin/ld: /home/chbmleao/Desktop/SO/dccthread/dccthread-assignment/tests/test8.c:11: undefined reference to `dccthread_exit'
/usr/bin/ld: /tmp/ccz12jND.o: in function `test':
/home/chbmleao/Desktop/SO/dccthread/dccthread-assignment/tests/test8.c:21: undefined reference to `dccthread_name'
/usr/bin/ld: /home/chbmleao/Desktop/SO/dccthread/dccthread-assignment/tests/test8.c:23: undefined reference to `dccthread_name'
/usr/bin/ld: /home/chbmleao/Desktop/SO/dccthread/dccthread-assignment/tests/test8.c:25: undefined reference to `dccthread_name'
/usr/bin/ld: /home/chbmleao/Desktop/SO/dccthread/dccthread-assignment/tests/test8.c:26: undefined reference to `dccthread_wait'
/usr/bin/ld: /home/chbmleao/Desktop/SO/dccthread/dccthread-assignment/tests/test8.c:27: undefined reference to `dccthread_name'
/usr/bin/ld: /home/chbmleao/Desktop/SO/dccthread/dccthread-assignment/tests/test8.c:29: undefined reference to `dccthread_exit'
collect2: error: ld returned 1 exit status
/usr/bin/ld: /tmp/ccuqH1my.o: in function `tloop':
/home/chbmleao/Desktop/SO/dccthread/dccthread-assignment/tests/test9.c:13: undefined reference to `dccthread_exit'
/usr/bin/ld: /tmp/ccuqH1my.o: in function `test':
/home/chbmleao/Desktop/SO/dccthread/dccthread-assignment/tests/test9.c:24: undefined reference to `dccthread_wait'
/usr/bin/ld: /home/chbmleao/Desktop/SO/dccthread/dccthread-assignment/tests/test9.c:25: undefined reference to `dccthread_exit'
collect2: error: ld returned 1 exit status
/usr/bin/ld: /tmp/ccT6bZWf.o: in function `tloop':
/home/chbmleao/Desktop/SO/dccthread/dccthread-assignment/tests/test9.c:13: undefined reference to `dccthread_exit'
/usr/bin/ld: /tmp/ccT6bZWf.o: in function `test':
/home/chbmleao/Desktop/SO/dccthread/dccthread-assignment/tests/test9.c:24: undefined reference to `dccthread_wait'
/usr/bin/ld: /home/chbmleao/Desktop/SO/dccthread/dccthread-assignment/tests/test9.c:25: undefined reference to `dccthread_exit'
collect2: error: ld returned 1 exit status
/usr/bin/ld: /tmp/cc6zXAEU.o: in function `tloop':
/home/chbmleao/Desktop/SO/dccthread/dccthread-assignment/tests/test10.c:12: undefined reference to `dccthread_exit'
/usr/bin/ld: /tmp/cc6zXAEU.o: in function `test':
/home/chbmleao/Desktop/SO/dccthread/dccthread-assignment/tests/test10.c:22: undefined reference to `dccthread_wait'
/usr/bin/ld: /home/chbmleao/Desktop/SO/dccthread/dccthread-assignment/tests/test10.c:23: undefined reference to `dccthread_exit'
collect2: error: ld returned 1 exit status
/usr/bin/ld: /tmp/cclMbarA.o: in function `tloop':
/home/chbmleao/Desktop/SO/dccthread/dccthread-assignment/tests/test10.c:12: undefined reference to `dccthread_exit'
/usr/bin/ld: /tmp/cclMbarA.o: in function `test':
/home/chbmleao/Desktop/SO/dccthread/dccthread-assignment/tests/test10.c:22: undefined reference to `dccthread_wait'
/usr/bin/ld: /home/chbmleao/Desktop/SO/dccthread/dccthread-assignment/tests/test10.c:23: undefined reference to `dccthread_exit'
collect2: error: ld returned 1 exit status
/usr/bin/ld: /tmp/cc0X8dNM.o: in function `tsleep':
/home/chbmleao/Desktop/SO/dccthread/dccthread-assignment/tests/test11.c:11: undefined reference to `dccthread_sleep'
/usr/bin/ld: /home/chbmleao/Desktop/SO/dccthread/dccthread-assignment/tests/test11.c:12: undefined reference to `dccthread_name'
/usr/bin/ld: /home/chbmleao/Desktop/SO/dccthread/dccthread-assignment/tests/test11.c:13: undefined reference to `dccthread_exit'
/usr/bin/ld: /tmp/cc0X8dNM.o: in function `test':
/home/chbmleao/Desktop/SO/dccthread/dccthread-assignment/tests/test11.c:26: undefined reference to `dccthread_wait'
/usr/bin/ld: /home/chbmleao/Desktop/SO/dccthread/dccthread-assignment/tests/test11.c:29: undefined reference to `dccthread_exit'
collect2: error: ld returned 1 exit status
/usr/bin/ld: /tmp/cc1eicoG.o: in function `tsleep':
/home/chbmleao/Desktop/SO/dccthread/dccthread-assignment/tests/test11.c:11: undefined reference to `dccthread_sleep'
/usr/bin/ld: /home/chbmleao/Desktop/SO/dccthread/dccthread-assignment/tests/test11.c:12: undefined reference to `dccthread_name'
/usr/bin/ld: /home/chbmleao/Desktop/SO/dccthread/dccthread-assignment/tests/test11.c:13: undefined reference to `dccthread_exit'
/usr/bin/ld: /tmp/cc1eicoG.o: in function `test':
/home/chbmleao/Desktop/SO/dccthread/dccthread-assignment/tests/test11.c:26: undefined reference to `dccthread_wait'
/usr/bin/ld: /home/chbmleao/Desktop/SO/dccthread/dccthread-assignment/tests/test11.c:29: undefined reference to `dccthread_exit'
collect2: error: ld returned 1 exit status
/usr/bin/ld: /tmp/ccPPDEPK.o: in function `tsleep':
/home/chbmleao/Desktop/SO/dccthread/dccthread-assignment/tests/test12.c:11: undefined reference to `dccthread_sleep'
/usr/bin/ld: /home/chbmleao/Desktop/SO/dccthread/dccthread-assignment/tests/test12.c:12: undefined reference to `dccthread_name'
/usr/bin/ld: /home/chbmleao/Desktop/SO/dccthread/dccthread-assignment/tests/test12.c:13: undefined reference to `dccthread_exit'
/usr/bin/ld: /tmp/ccPPDEPK.o: in function `test':
/home/chbmleao/Desktop/SO/dccthread/dccthread-assignment/tests/test12.c:30: undefined reference to `dccthread_wait'
/usr/bin/ld: /home/chbmleao/Desktop/SO/dccthread/dccthread-assignment/tests/test12.c:33: undefined reference to `dccthread_exit'
collect2: error: ld returned 1 exit status
/usr/bin/ld: /tmp/cc8VVEwZ.o: in function `tsleep':
/home/chbmleao/Desktop/SO/dccthread/dccthread-assignment/tests/test12.c:11: undefined reference to `dccthread_sleep'
/usr/bin/ld: /home/chbmleao/Desktop/SO/dccthread/dccthread-assignment/tests/test12.c:12: undefined reference to `dccthread_name'
/usr/bin/ld: /home/chbmleao/Desktop/SO/dccthread/dccthread-assignment/tests/test12.c:13: undefined reference to `dccthread_exit'
/usr/bin/ld: /tmp/cc8VVEwZ.o: in function `test':
/home/chbmleao/Desktop/SO/dccthread/dccthread-assignment/tests/test12.c:30: undefined reference to `dccthread_wait'
/usr/bin/ld: /home/chbmleao/Desktop/SO/dccthread/dccthread-assignment/tests/test12.c:33: undefined reference to `dccthread_exit'
collect2: error: ld returned 1 exit status
